rene conducting onboarding for reneapitesting@coronacharter.org on Wed Dec  8 22:01:38 PST 2021
creating email for reneapitesting@coronacharter.org
Creating account for reneapitesting@coronacharter.org
updating user reneapitesting@coronacharter.org...
updating user reneapitesting@coronacharter.org...
succefully created user
Resetting GSuite password to R3setPWD!
updating user reneapitesting@coronacharter.org...
updating user reneapitesting@coronacharter.org...
Which site is staff working at? Please enter a number
[1]BCCS [2]Morcs [3]BCCHS [4]LSC: changing to BCCHS Staff OU
 moving reneapitesting@coronacharter.org to /Staff/BCCHS Staff (1/1)
is this a teacher or staff
[1]Teacher [2]Staff [3]LSC: What position is the staff member?
[1]Tutor [2]scc [3]sped [4]afterschool [5]admin: moving to scc group
 Group: bcchsscc@coronacharter.org, reneapitesting@coronacharter.org Added as MEMBER
does this account need a Voice license
[1]Yes [2]No: license skipped
Creating user in mosyle
User was sucesfully created
Creating user in Snipe IT
success! User was successfully created.
